<?xml version="1.0" encoding="UTF-8"?>
<!-- Generated by org.testng.reporters.JUnitXMLReporter -->
<testsuite ignored="0" hostname="DESKTOP-E5FIK6M" failures="0" tests="5" name="Test" time="30.405" errors="0" timestamp="2024-03-03T13:01:01 IST">
  <testcase classname="Project.HomeLoan" name="Home_Loan" time="0.234"/>
  <testcase classname="Project.HomeLoan" name="HomeLoan_Data" time="1.832"/>
  <testcase classname="Project.CarLoan" name="testLogo" time="0.263"/>
  <testcase classname="Project.CarLoan" name="Car_Loan" time="1.334"/>
  <testcase classname="Project.CarLoan" name="EMI_Calculation" time="0.033"/>
</testsuite> <!-- Test -->
