<?xml version="1.0" encoding="UTF-8"?>
<testsuite name="TestSuite" time="3.691" tests="5" errors="0" skipped="0" failures="0">
  <properties>
[...]
</properties>
  <testcase name="Home_Loan" classname="Project.HomeLoan" time="0.245"/>
  <testcase name="HomeLoan_Data" classname="Project.HomeLoan" time="1.816"/>
  <testcase name="testLogo" classname="Project.CarLoan" time="0.263"/>
  <testcase name="Car_Loan" classname="Project.CarLoan" time="1.334"/>
  <testcase name="EMI_Calculation" classname="Project.CarLoan" time="0.033"/>
</testsuite>