<?xml version="1.0" encoding="UTF-8"?>
<testng-results ignored="0" total="2" passed="2" failed="0" skipped="0">
  <reporter-output>
  </reporter-output>
  <suite started-at="2024-02-18T12:11:33 IST" name="Default suite" finished-at="2024-02-18T12:11:52 IST" duration-ms="19652">
    <groups>
    </groups>
    <test started-at="2024-02-18T12:11:33 IST" name="Default test" finished-at="2024-02-18T12:11:52 IST" duration-ms="19652">
      <class name="Project.HomeLoan">
        <test-method is-config="true" signature="setup()[pri:0, instance:Project.HomeLoan@117159c0]" started-at="2024-02-18T12:11:33 IST" name="setup" finished-at="2024-02-18T12:11:42 IST" duration-ms="9798" status="PASS">
          <reporter-output>
          </reporter-output>
        </test-method> <!-- setup -->
        <test-method signature="Home_Loan()[pri:1, instance:Project.HomeLoan@117159c0]" started-at="2024-02-18T12:11:42 IST" name="Home_Loan" finished-at="2024-02-18T12:11:43 IST" duration-ms="222" status="PASS">
          <reporter-output>
          </reporter-output>
        </test-method> <!-- Home_Loan -->
        <test-method signature="HomeLoan_Data()[pri:2, instance:Project.HomeLoan@117159c0]" started-at="2024-02-18T12:11:43 IST" name="HomeLoan_Data" finished-at="2024-02-18T12:11:52 IST" duration-ms="9566" status="PASS">
          <reporter-output>
          </reporter-output>
        </test-method> <!-- HomeLoan_Data -->
      </class> <!-- Project.HomeLoan -->
    </test> <!-- Default test -->
  </suite> <!-- Default suite -->
</testng-results>
